<?xml version="1.0" encoding="UTF-8"?>
<testsuite xmlns:xsi="http://www.w3.org/2001/XMLSchema-instance" xsi:noNamespaceSchemaLocation="https://maven.apache.org/surefire/maven-surefire-plugin/xsd/surefire-test-report-3.0.xsd" version="3.0" name="TestSuite" time="1.915" tests="8" errors="0" skipped="0" failures="0">
  <properties>
[...]
</properties>
  <testcase name="test7" classname="testcases.CarLoanTest" time="0.002">
    <system-out><![CDATA[[TestNGContentHandler] [WARN] It is strongly recommended to add "<!DOCTYPE suite SYSTEM "http://testng.org/testng-1.0.dtd" >" at the top of your file, otherwise TestNG may fail or not work as expected.
[TestNGContentHandler] [WARN] It is strongly recommended to add "<!DOCTYPE suite SYSTEM "http://testng.org/testng-1.0.dtd" >" at the top of your file, otherwise TestNG may fail or not work as expected.
Inside before Test
Inside Before method
Inside CarLoan test7
]]></system-out>
  </testcase>
  <testcase name="test7" classname="testcases.CarLoanTest" time="0">
    <system-out><![CDATA[Inside after test
Inside before Test
Inside CarLoan test7
]]></system-out>
  </testcase>
  <testcase name="test3" classname="testcases.CarLoanTest" time="0">
    <system-out><![CDATA[Inside After method
Inside Before method
Inside CarLoan test3
]]></system-out>
  </testcase>
  <testcase name="test4" classname="testcases.CreditCardTest" time="0">
    <system-out><![CDATA[Inside After method
Inside Before method
Inside Creditcard test4
]]></system-out>
  </testcase>
  <testcase name="test4" classname="testcases.CreditCardTest" time="0">
    <system-out><![CDATA[Inside Creditcard test4
]]></system-out>
  </testcase>
  <testcase name="test5" classname="testcases.CreditCardTest" time="0.001">
    <system-out><![CDATA[Inside After method
Inside Before method
Inside Creditcard test5
]]></system-out>
  </testcase>
  <testcase name="test6" classname="testcases.HomeLoanTest" time="0.001">
    <system-out><![CDATA[Inside After method
inside Home loan test6
]]></system-out>
  </testcase>
  <testcase name="test6" classname="testcases.HomeLoanTest" time="0.003">
    <system-out><![CDATA[inside Home loan test6
]]></system-out>
  </testcase>
</testsuite>