<?xml version="1.0" encoding="UTF-8"?>
<testng-results ignored="9" total="17" passed="8" failed="0" skipped="0">
  <reporter-output>
  </reporter-output>
  <suite started-at="2023-04-16T04:55:29Z" name="Sanity" finished-at="2023-04-16T04:55:29Z" duration-ms="3">
    <groups>
      <group name="regression">
        <method signature="CarLoanTest.test7()[pri:0, instance:testcases.CarLoanTest@6fdbe764]" name="test7" class="testcases.CarLoanTest"/>
      </group> <!-- regression -->
      <group name="sanity">
        <method signature="CarLoanTest.test7()[pri:0, instance:testcases.CarLoanTest@6fdbe764]" name="test7" class="testcases.CarLoanTest"/>
        <method signature="CreditCardTest.test4()[pri:0, instance:testcases.CreditCardTest@2e6a8155]" name="test4" class="testcases.CreditCardTest"/>
      </group> <!-- sanity -->
    </groups>
    <test started-at="2023-04-16T04:55:29Z" name="Test" finished-at="2023-04-16T04:55:29Z" duration-ms="3">
      <class name="testcases.CarLoanTest">
        <test-method is-config="true" signature="method3()[pri:0, instance:testcases.CarLoanTest@6fdbe764]" started-at="2023-04-16T04:55:29Z" name="method3" finished-at="2023-04-16T04:55:29Z" duration-ms="1" status="PASS">
          <reporter-output>
          </reporter-output>
        </test-method> <!-- method3 -->
        <test-method signature="test7()[pri:0, instance:testcases.CarLoanTest@6fdbe764]" started-at="2023-04-16T04:55:29Z" name="test7" finished-at="2023-04-16T04:55:29Z" duration-ms="0" status="PASS">
          <reporter-output>
          </reporter-output>
        </test-method> <!-- test7 -->
      </class> <!-- testcases.CarLoanTest -->
      <class name="testcases.CreditCardTest">
        <test-method signature="test4()[pri:0, instance:testcases.CreditCardTest@2e6a8155]" started-at="2023-04-16T04:55:29Z" name="test4" finished-at="2023-04-16T04:55:29Z" duration-ms="0" status="PASS">
          <reporter-output>
          </reporter-output>
        </test-method> <!-- test4 -->
      </class> <!-- testcases.CreditCardTest -->
      <class name="testcases.HomeLoanTest">
        <test-method signature="test6()[pri:5, instance:testcases.HomeLoanTest@51c668e3]" started-at="2023-04-16T04:55:29Z" name="test6" finished-at="2023-04-16T04:55:29Z" duration-ms="0" status="PASS">
          <reporter-output>
          </reporter-output>
        </test-method> <!-- test6 -->
      </class> <!-- testcases.HomeLoanTest -->
    </test> <!-- Test -->
  </suite> <!-- Sanity -->
  <suite started-at="2023-04-16T04:55:29Z" name="Regression" finished-at="2023-04-16T04:55:29Z" duration-ms="47">
    <groups>
      <group name="regression">
        <method signature="CarLoanTest.test7()[pri:0, instance:testcases.CarLoanTest@27f981c6]" name="test7" class="testcases.CarLoanTest"/>
      </group> <!-- regression -->
      <group name="sanity">
        <method signature="CarLoanTest.test7()[pri:0, instance:testcases.CarLoanTest@27f981c6]" name="test7" class="testcases.CarLoanTest"/>
        <method signature="CreditCardTest.test4()[pri:0, instance:testcases.CreditCardTest@2dc54ad4]" name="test4" class="testcases.CreditCardTest"/>
      </group> <!-- sanity -->
    </groups>
    <test started-at="2023-04-16T04:55:29Z" name="Test" finished-at="2023-04-16T04:55:29Z" duration-ms="47">
      <class name="testcases.CarLoanTest">
        <test-method is-config="true" signature="method3()[pri:0, instance:testcases.CarLoanTest@27f981c6]" started-at="2023-04-16T04:55:29Z" name="method3" finished-at="2023-04-16T04:55:29Z" duration-ms="17" status="PASS">
          <reporter-output>
          </reporter-output>
        </test-method> <!-- method3 -->
        <test-method signature="test7()[pri:0, instance:testcases.CarLoanTest@27f981c6]" started-at="2023-04-16T04:55:29Z" name="test7" finished-at="2023-04-16T04:55:29Z" duration-ms="1" status="PASS">
          <reporter-output>
          </reporter-output>
        </test-method> <!-- test7 -->
        <test-method is-config="true" signature="method1()[pri:0, instance:testcases.CarLoanTest@27f981c6]" started-at="2023-04-16T04:55:29Z" name="method1" finished-at="2023-04-16T04:55:29Z" duration-ms="0" status="PASS">
          <reporter-output>
          </reporter-output>
        </test-method> <!-- method1 -->
        <test-method is-config="true" signature="method2()[pri:0, instance:testcases.CarLoanTest@27f981c6]" started-at="2023-04-16T04:55:29Z" name="method2" finished-at="2023-04-16T04:55:29Z" duration-ms="1" status="PASS">
          <reporter-output>
          </reporter-output>
        </test-method> <!-- method2 -->
        <test-method is-config="true" signature="method1()[pri:0, instance:testcases.CarLoanTest@27f981c6]" started-at="2023-04-16T04:55:29Z" name="method1" finished-at="2023-04-16T04:55:29Z" duration-ms="0" status="PASS">
          <reporter-output>
          </reporter-output>
        </test-method> <!-- method1 -->
        <test-method signature="test3()[pri:0, instance:testcases.CarLoanTest@27f981c6]" started-at="2023-04-16T04:55:29Z" name="test3" finished-at="2023-04-16T04:55:29Z" depends-on-methods="testcases.CarLoanTest.test7" duration-ms="0" status="PASS">
          <reporter-output>
          </reporter-output>
        </test-method> <!-- test3 -->
        <test-method is-config="true" signature="method2()[pri:0, instance:testcases.CarLoanTest@27f981c6]" started-at="2023-04-16T04:55:29Z" name="method2" finished-at="2023-04-16T04:55:29Z" duration-ms="0" status="PASS">
          <reporter-output>
          </reporter-output>
        </test-method> <!-- method2 -->
        <test-method is-config="true" signature="method4()[pri:0, instance:testcases.CarLoanTest@27f981c6]" started-at="2023-04-16T04:55:29Z" name="method4" finished-at="2023-04-16T04:55:29Z" duration-ms="1" status="PASS">
          <reporter-output>
          </reporter-output>
        </test-method> <!-- method4 -->
      </class> <!-- testcases.CarLoanTest -->
      <class name="testcases.CreditCardTest">
        <test-method is-config="true" signature="method1()[pri:0, instance:testcases.CreditCardTest@2dc54ad4]" started-at="2023-04-16T04:55:29Z" name="method1" finished-at="2023-04-16T04:55:29Z" duration-ms="1" status="PASS">
          <reporter-output>
          </reporter-output>
        </test-method> <!-- method1 -->
        <test-method signature="test4()[pri:0, instance:testcases.CreditCardTest@2dc54ad4]" started-at="2023-04-16T04:55:29Z" name="test4" finished-at="2023-04-16T04:55:29Z" duration-ms="0" status="PASS">
          <reporter-output>
          </reporter-output>
        </test-method> <!-- test4 -->
        <test-method is-config="true" signature="method2()[pri:0, instance:testcases.CreditCardTest@2dc54ad4]" started-at="2023-04-16T04:55:29Z" name="method2" finished-at="2023-04-16T04:55:29Z" duration-ms="0" status="PASS">
          <reporter-output>
          </reporter-output>
        </test-method> <!-- method2 -->
        <test-method signature="test5()[pri:0, instance:testcases.CreditCardTest@2dc54ad4]" started-at="2023-04-16T04:55:29Z" name="test5" finished-at="2023-04-16T04:55:29Z" duration-ms="0" status="PASS">
          <reporter-output>
          </reporter-output>
        </test-method> <!-- test5 -->
        <test-method is-config="true" signature="method1()[pri:0, instance:testcases.CreditCardTest@2dc54ad4]" started-at="2023-04-16T04:55:29Z" name="method1" finished-at="2023-04-16T04:55:29Z" duration-ms="0" status="PASS">
          <reporter-output>
          </reporter-output>
        </test-method> <!-- method1 -->
        <test-method is-config="true" signature="method2()[pri:0, instance:testcases.CreditCardTest@2dc54ad4]" started-at="2023-04-16T04:55:29Z" name="method2" finished-at="2023-04-16T04:55:29Z" duration-ms="0" status="PASS">
          <reporter-output>
          </reporter-output>
        </test-method> <!-- method2 -->
      </class> <!-- testcases.CreditCardTest -->
      <class name="testcases.HomeLoanTest">
        <test-method signature="test6()[pri:5, instance:testcases.HomeLoanTest@1151e434]" started-at="2023-04-16T04:55:29Z" name="test6" finished-at="2023-04-16T04:55:29Z" duration-ms="0" status="PASS">
          <reporter-output>
          </reporter-output>
        </test-method> <!-- test6 -->
      </class> <!-- testcases.HomeLoanTest -->
    </test> <!-- Test -->
  </suite> <!-- Regression -->
</testng-results>
