<?xml version="1.0" encoding="UTF-8"?>
<testng-results ignored="5" total="8" passed="3" failed="0" skipped="0">
  <reporter-output>
  </reporter-output>
  <suite started-at="2023-04-16T04:33:01Z" name="Sanity" finished-at="2023-04-16T04:33:01Z" duration-ms="59">
    <groups>
      <group name="regression">
        <method signature="CarLoanTest.test7()[pri:0, instance:testcases.CarLoanTest@21129f1f]" name="test7" class="testcases.CarLoanTest"/>
      </group> <!-- regression -->
      <group name="sanity">
        <method signature="CarLoanTest.test7()[pri:0, instance:testcases.CarLoanTest@21129f1f]" name="test7" class="testcases.CarLoanTest"/>
        <method signature="CreditCardTest.test4()[pri:0, instance:testcases.CreditCardTest@282cb7c7]" name="test4" class="testcases.CreditCardTest"/>
      </group> <!-- sanity -->
    </groups>
    <test started-at="2023-04-16T04:33:01Z" name="Test" finished-at="2023-04-16T04:33:01Z" duration-ms="59">
      <class name="testcases.CarLoanTest">
        <test-method is-config="true" signature="method3()[pri:0, instance:testcases.CarLoanTest@21129f1f]" started-at="2023-04-16T04:33:01Z" name="method3" finished-at="2023-04-16T04:33:01Z" duration-ms="13" status="PASS">
          <reporter-output>
          </reporter-output>
        </test-method> <!-- method3 -->
        <test-method signature="test7()[pri:0, instance:testcases.CarLoanTest@21129f1f]" started-at="2023-04-16T04:33:01Z" name="test7" finished-at="2023-04-16T04:33:01Z" duration-ms="7" status="PASS">
          <reporter-output>
          </reporter-output>
        </test-method> <!-- test7 -->
      </class> <!-- testcases.CarLoanTest -->
      <class name="testcases.CreditCardTest">
        <test-method signature="test4()[pri:0, instance:testcases.CreditCardTest@282cb7c7]" started-at="2023-04-16T04:33:01Z" name="test4" finished-at="2023-04-16T04:33:01Z" duration-ms="2" status="PASS">
          <reporter-output>
          </reporter-output>
        </test-method> <!-- test4 -->
      </class> <!-- testcases.CreditCardTest -->
      <class name="testcases.HomeLoanTest">
        <test-method signature="test6()[pri:5, instance:testcases.HomeLoanTest@5a9f4771]" started-at="2023-04-16T04:33:01Z" name="test6" finished-at="2023-04-16T04:33:01Z" duration-ms="1" status="PASS">
          <reporter-output>
          </reporter-output>
        </test-method> <!-- test6 -->
      </class> <!-- testcases.HomeLoanTest -->
    </test> <!-- Test -->
  </suite> <!-- Sanity -->
</testng-results>
